# easy-fs Step 5 - vfs-inode 实现日志

## 实现开始时间
2026-01-26 01:01:30

## 使用的资源

### ✅ 当前模块的 spec
- openspec/specs/vfs-inode/spec.md
- openspec/specs/vfs-inode/design.md

### ⚠️ 直接依赖的 spec
未使用。当前模块的 spec 已经足够清晰地描述了所有需要的接口。

### ❌ 已生成的代码
首次运行测试失败后，阅读了测试代码来了解 API 期望的签名格式：
- 文件：easy-fs/tests/api_tests.rs
- 原因：测试失败，发现 API 签名与测试期望不匹配
- 学到的内容：
  1. `FileHandle::new` 参数顺序应为 (readable, writable, inode)，而非 (inode, readable, writable)
  2. `FileHandle::empty` 需要接受 (readable, writable) 参数，而非无参
  3. `FileHandle` 的 `offset` 和 `inode` 字段需要是公开的（pub）
  4. `EasyFileSystem` 需要提供 `root_inode` 静态方法
- 为什么这是下下策：测试代码已经定义了 API 的使用方式，在理想情况下 spec 应该包含更精确的 API 签名

## 实现过程

### 1. 阅读 spec 和现有代码

阅读了 vfs-inode 的 spec.md 和 design.md，了解需要实现的内容：
- Inode 结构：包含 block_id、block_offset、fs: Arc<Mutex<EasyFileSystem>>、block_device
- FileHandle 结构：包含 inode、read/write 权限、offset
- UserBuffer 结构：封装 Vec<&'static mut [u8]>
- OpenFlags 位标志：RDONLY(0)、WRONLY(1)、RDWR(2)、CREATE(512)、TRUNC(1024)
- FSManager trait：由内核实现

阅读了已有的 Step 1-4 代码，了解现有模块的结构和接口。

### 2. 创建 vfs.rs 模块

创建新文件 `easy-fs/src/vfs.rs`，实现了以下内容：
- `Inode` 结构及其方法：
  - `new(block_id, offset, fs, device)` - 创建新的 Inode
  - `read_disk_inode(f)` - 只读访问 DiskInode
  - `modify_disk_inode(f)` - 可变访问 DiskInode
  - `find(name)` - 在目录中查找文件
  - `create(name)` - 在目录中创建文件
  - `readdir()` - 列出目录内容
  - `read_at(offset, buf)` - 读取文件数据
  - `write_at(offset, buf)` - 写入文件数据（自动扩容）
  - `clear()` - 清空文件内容

- `FileHandle` 结构及其方法：
  - `new(readable, writable, inode)` - 创建文件句柄
  - `empty(readable, writable)` - 创建空文件句柄
  - `readable()`/`writable()` - 权限检查
  - `read(buf: UserBuffer)` - 读取并更新偏移
  - `write(buf: UserBuffer)` - 写入并更新偏移

- `UserBuffer` 结构及其方法：
  - `new(buffers)` - 创建用户缓冲区
  - `len()` - 返回总长度
  - 实现 `IntoIterator` trait

- `OpenFlags` 位标志：
  - RDONLY(0), WRONLY(1), RDWR(2), CREATE(512), TRUNC(1024)
  - `read_write()` 方法返回 (readable, writable)

- `FSManager` trait：定义了内核需要实现的文件系统管理接口

### 3. 更新 lib.rs

更新 `lib.rs` 添加 vfs 模块并导出相关类型。

### 4. 第一次测试

运行 `cargo test` 发现 12 个错误：
1. 缺少 `EasyFileSystem::root_inode` 方法
2. `FileHandle::new` 参数顺序错误
3. `FileHandle::empty` 需要参数
4. `FileHandle` 的 `offset` 和 `inode` 字段需要公开

### 5. 修复问题

- 在 `efs.rs` 中添加 `root_inode` 方法
- 修改 `FileHandle::new` 参数顺序为 (readable, writable, inode)
- 修改 `FileHandle::empty` 接受 (readable, writable) 参数
- 将 `FileHandle` 的 `offset` 和 `inode` 字段改为 `pub`

### 6. 第二次测试

再次运行 `cargo test`，所有 28 个测试通过：
- 27 个在 api_tests.rs 中
- 1 个在 open_invalid_superblock.rs 中

## 测试结果

✅ `cargo check` 通过，无警告
✅ `cargo test` 通过，28 个测试全部通过

**是否一次生成就通过测试**: 否

第一次运行测试时遇到 12 个编译错误，主要是 API 签名与测试期望不匹配。修复后所有测试通过。

## 实现完成时间
2026-01-26 01:03:52

## 总结

成功实现了 easy-fs 的 vfs-inode 模块，这是第 5 步也是最终步骤。模块提供了：
- Inode 抽象：封装 DiskInode 操作
- FileHandle：文件句柄，包含权限和偏移管理
- UserBuffer：用户空间缓冲区抽象
- OpenFlags：文件打开标志
- FSManager trait：供内核实现的文件系统管理接口

所有功能符合 spec 要求，并通过了完整的测试验证。
