# easy-fs Step 1 - block-device 实现日志

## 实现开始时间
2026-01-26 00:48:56

## 使用的资源
- ✅ 当前模块的 spec:
  - `openspec/specs/block-device/spec.md` - 定义了 BLOCK_SZ 常量和 BlockDevice trait 的完整接口
  - `openspec/specs/block-device/design.md` - 了解设计决策：使用 trait 解耦、要求 Send+Sync+Any、块大小固定 512
- ⚠️ 直接依赖的 spec: 无（当前模块没有直接依赖）
- ❌ 已生成的代码: 未访问

## 实现过程

### 1. 分析 spec 要求
阅读 `spec.md` 后，确定需要实现：
- `BLOCK_SZ: usize = 512` 公开常量
- `BlockDevice` trait，要求 `Send + Sync + Any`，包含：
  - `fn read_block(&self, block_id: usize, buf: &mut [u8])`
  - `fn write_block(&self, block_id: usize, buf: &[u8])`

### 2. 检查项目结构
- 发现 `easy-fs/` 目录下只有 `Cargo.toml` 和 `tests/` 目录
- 需要创建 `src/` 目录和源码文件

### 3. 实现文件
创建了两个文件：
1. `easy-fs/src/block_dev.rs` - 定义 BLOCK_SZ 常量和 BlockDevice trait
2. `easy-fs/src/lib.rs` - 导出模块，设置 `#![no_std]`

### 4. 实现细节
- 使用 `core::any::Any` 而非 `std::any::Any`（支持 no_std 环境）
- BlockDevice trait 要求 `Send + Sync + Any`
- 添加了文档注释说明接口用途

## 测试结果
- `cargo check` 通过
- ✅ 一次生成即通过测试，无需修改

## 实现完成时间
2026-01-26 00:49:00

## 总结
block-device 模块是 easy-fs 的最底层抽象，实现非常简洁。仅依赖 `core::any::Any`，完全满足 `#![no_std]` 要求。实现过程中只使用了当前模块的 spec，未访问任何依赖的 spec 或已生成代码。
